<?xml version="1.0" encoding="UTF-8"?>
<!-- Generated by org.testng.reporters.JUnitReportReporter -->
<testsuite hostname="LAPTOP-MQ9B4BVN" failures="0" tests="1" name="test.PersonalDetailsTest" time="5.190" errors="0" timestamp="2024-01-28T14:28:30 IST" skipped="0">
  <testcase classname="test.PersonalDetailsTest" name="verifyIfUserIsAbleTOrderTheProductSucessfully" time="5.190"/>
</testsuite> <!-- test.PersonalDetailsTest -->
