<?xml version="1.0" encoding="UTF-8"?>
<!-- Generated by org.testng.reporters.JUnitReportReporter -->
<testsuite hostname="LAPTOP-MQ9B4BVN" failures="0" tests="4" name="test.ProductDisplayTest" time="13.292" errors="0" timestamp="2024-01-27T19:51:47 IST" skipped="0">
  <testcase classname="test.ProductDisplayTest" name="verifyIfUserIsAbleToAddTheProductIntoCartFromProdutDisplayPage" time="3.886"/>
  <testcase classname="test.ProductDisplayTest" name="verifyIfuserIsAbleToRemoveProductFromCartFromProdctDisplayPage" time="2.892"/>
  <testcase classname="test.ProductDisplayTest" name="verifyIfUserIsAbleToAddTheMultipleProductIntoCartFromProdutDisplayPage" time="3.171"/>
  <testcase classname="test.ProductDisplayTest" name="verifyIfuserIsAbleToRemoveMultipleProductFromCartFromProdctDisplayPage" time="3.343"/>
</testsuite> <!-- test.ProductDisplayTest -->
