<?xml version="1.0" encoding="UTF-8"?>
<!-- Generated by org.testng.reporters.JUnitReportReporter -->
<testsuite hostname="LAPTOP-MQ9B4BVN" failures="0" tests="1" name="test.LoginTest" time="3.238" errors="0" timestamp="2024-01-29T21:09:30 IST" skipped="0">
  <testcase classname="test.LoginTest" name="verifyIfUserIsAbleToLogin" time="3.238"/>
</testsuite> <!-- test.LoginTest -->
