<?xml version="1.0" encoding="UTF-8"?>
<!-- Generated by org.testng.reporters.JUnitReportReporter -->
<testsuite hostname="LAPTOP-MQ9B4BVN" failures="0" tests="2" name="test.ProductDescriptionTest" time="21.376" errors="0" timestamp="2024-01-27T22:36:56 IST" skipped="0">
  <testcase classname="test.ProductDescriptionTest" name="verifyIfUserIsAbleToAddTheProductIntoCartFromProductDiscriptionPage" time="12.957"/>
  <testcase classname="test.ProductDescriptionTest" name="verifyIfUserIsAbleToRemoveTheProductIntoCartFromProductDiscriptionPage" time="8.419"/>
</testsuite> <!-- test.ProductDescriptionTest -->
