<?xml version="1.0" encoding="UTF-8"?>
<!-- Generated by org.testng.reporters.JUnitReportReporter -->
<testsuite hostname="LAPTOP-MQ9B4BVN" failures="0" tests="7" name="test.SwagLabsTest" time="50.972" errors="0" timestamp="2024-01-29T21:09:30 IST" skipped="0">
  <testcase classname="test.SwagLabsTest" name="verifyIfUserIsAbleToAddTheProductIntoCartFromProdutDisplayPage" time="4.419"/>
  <testcase classname="test.SwagLabsTest" name="verifyIfuserIsAbleToRemoveProductFromCartFromProdctDisplayPage" time="4.797"/>
  <testcase classname="test.SwagLabsTest" name="verifyIfUserIsAbleToAddTheMultipleProductIntoCartFromProdutDisplayPage" time="14.520"/>
  <testcase classname="test.SwagLabsTest" name="verifyIfuserIsAbleToRemoveMultipleProductFromCartFromProdctDisplayPage" time="4.036"/>
  <testcase classname="test.SwagLabsTest" name="verifyIfUserIsAbleToAddTheProductIntoCartFromProductDiscriptionPage" time="9.100"/>
  <testcase classname="test.SwagLabsTest" name="verifyIfUserIsAbleToRemoveTheProductIntoCartFromProductDiscriptionPage" time="10.001"/>
  <testcase classname="test.SwagLabsTest" name="verifyIfTheProductDetailsOfATCPageAndProductDisplayPageAareSimilar" time="4.099"/>
</testsuite> <!-- test.SwagLabsTest -->
